[12-Jun-2025 09:36:32 UTC] PHP Warning:  Attempt to read property "title" on null in /var/www/html/wp-includes/class-wp-customize-widgets.php on line 926
[12-Jun-2025 09:36:32 UTC] PHP Fatal error:  Uncaught TypeError: htmlspecialchars(): Argument #1 ($string) must be of type string, array given in /var/www/html/wp-includes/formatting.php:4714
Stack trace:
#0 /var/www/html/wp-includes/formatting.php(4714): htmlspecialchars(Array, 3, 'UTF-8')
#1 /var/www/html/wp-includes/class-wp-customize-control.php(582): esc_textarea(Array)
#2 /var/www/html/wp-includes/class-wp-customize-control.php(435): WP_Customize_Control->render_content()
#3 /var/www/html/wp-includes/class-wp-customize-control.php(422): WP_Customize_Control->render()
#4 /var/www/html/wp-includes/class-wp-customize-control.php(386): WP_Customize_Control->maybe_render()
#5 /var/www/html/wp-includes/class-wp-customize-control.php(324): WP_Customize_Control->get_content()
#6 /var/www/html/wp-includes/class-wp-customize-control.php(342): WP_Customize_Control->to_json()
#7 /var/www/html/wp-includes/class-wp-customize-manager.php(5018): WP_Customize_Control->json()
#8 /var/www/html/wp-includes/class-wp-hook.php(324): WP_Customize_Manager->customize_pane_settings('')
#9 /var/www/html/wp-includes/class-wp-hook.php(348): WP_Hook->apply_filters(NULL, Array)
#10 /var/www/html/wp-includes/plugin.php(517): WP_Hook->do_action(Array)
#11 /var/www/html/wp-admin/customize.php(306): do_action('customize_contr...')
#12 {main}
  thrown in /var/www/html/wp-includes/formatting.php on line 4714
[12-Jun-2025 09:37:59 UTC] PHP Warning:  Attempt to read property "title" on null in /var/www/html/wp-includes/class-wp-customize-widgets.php on line 926
[12-Jun-2025 09:40:17 UTC] PHP Warning:  Attempt to read property "title" on null in /var/www/html/wp-includes/class-wp-customize-widgets.php on line 926
[12-Jun-2025 09:41:35 UTC] PHP Warning:  Attempt to read property "title" on null in /var/www/html/wp-includes/class-wp-customize-widgets.php on line 926
[12-Jun-2025 09:43:19 UTC] PHP Warning:  Attempt to read property "title" on null in /var/www/html/wp-includes/class-wp-customize-widgets.php on line 926
[12-Jun-2025 09:46:04 UTC] PHP Warning:  Attempt to read property "title" on null in /var/www/html/wp-includes/class-wp-customize-widgets.php on line 926
[12-Jun-2025 09:50:52 UTC] PHP Warning:  Attempt to read property "title" on null in /var/www/html/wp-includes/class-wp-customize-widgets.php on line 926
[12-Jun-2025 09:52:23 UTC] PHP Warning:  Attempt to read property "title" on null in /var/www/html/wp-includes/class-wp-customize-widgets.php on line 926
[12-Jun-2025 09:58:08 UTC] PHP Warning:  Attempt to read property "title" on null in /var/www/html/wp-includes/class-wp-customize-widgets.php on line 926
[12-Jun-2025 09:59:45 UTC] PHP Warning:  Attempt to read property "title" on null in /var/www/html/wp-includes/class-wp-customize-widgets.php on line 926
[12-Jun-2025 10:01:36 UTC] PHP Warning:  Attempt to read property "title" on null in /var/www/html/wp-includes/class-wp-customize-widgets.php on line 926
[12-Jun-2025 10:04:37 UTC] PHP Warning:  Attempt to read property "title" on null in /var/www/html/wp-includes/class-wp-customize-widgets.php on line 926
[12-Jun-2025 10:06:43 UTC] PHP Deprecated:  Automatic conversion of false to array is deprecated in /var/www/html/wp-admin/includes/update.php on line 185
[12-Jun-2025 10:06:57 UTC] PHP Warning:  Attempt to read property "title" on null in /var/www/html/wp-includes/class-wp-customize-widgets.php on line 926
[12-Jun-2025 10:07:20 UTC] PHP Warning:  Attempt to read property "title" on null in /var/www/html/wp-includes/class-wp-customize-widgets.php on line 926
[12-Jun-2025 10:07:52 UTC] PHP Warning:  Attempt to read property "title" on null in /var/www/html/wp-includes/class-wp-customize-widgets.php on line 926
[12-Jun-2025 10:08:55 UTC] PHP Warning:  Attempt to read property "title" on null in /var/www/html/wp-includes/class-wp-customize-widgets.php on line 926
[12-Jun-2025 10:20:09 UTC] PHP Warning:  Attempt to read property "title" on null in /var/www/html/wp-includes/class-wp-customize-widgets.php on line 926
[12-Jun-2025 10:27:59 UTC] PHP Warning:  Attempt to read property "title" on null in /var/www/html/wp-includes/class-wp-customize-widgets.php on line 926
[12-Jun-2025 10:29:02 UTC] PHP Warning:  Attempt to read property "title" on null in /var/www/html/wp-includes/class-wp-customize-widgets.php on line 926
[12-Jun-2025 10:31:16 UTC] PHP Warning:  Attempt to read property "title" on null in /var/www/html/wp-includes/class-wp-customize-widgets.php on line 926
[12-Jun-2025 10:33:06 UTC] PHP Warning:  Attempt to read property "title" on null in /var/www/html/wp-includes/class-wp-customize-widgets.php on line 926
[12-Jun-2025 10:33:39 UTC] PHP Warning:  Attempt to read property "title" on null in /var/www/html/wp-includes/class-wp-customize-widgets.php on line 926
[12-Jun-2025 10:34:45 UTC] PHP Warning:  Attempt to read property "title" on null in /var/www/html/wp-includes/class-wp-customize-widgets.php on line 926
[12-Jun-2025 10:41:25 UTC] PHP Warning:  Attempt to read property "title" on null in /var/www/html/wp-includes/class-wp-customize-widgets.php on line 926
[12-Jun-2025 11:39:41 UTC] PHP Warning:  Attempt to read property "title" on null in /var/www/html/wp-includes/class-wp-customize-widgets.php on line 926
[12-Jun-2025 11:40:59 UTC] PHP Warning:  Attempt to read property "title" on null in /var/www/html/wp-includes/class-wp-customize-widgets.php on line 926
[12-Jun-2025 11:41:24 UTC] PHP Warning:  Attempt to read property "title" on null in /var/www/html/wp-includes/class-wp-customize-widgets.php on line 926
[12-Jun-2025 12:02:39 UTC] PHP Warning:  Attempt to read property "title" on null in /var/www/html/wp-includes/class-wp-customize-widgets.php on line 926
[12-Jun-2025 12:23:21 UTC] PHP Warning:  Attempt to read property "title" on null in /var/www/html/wp-includes/class-wp-customize-widgets.php on line 926
[12-Jun-2025 12:45:16 UTC] PHP Deprecated:  Le fichier Thème sans header.php est <strong>obsolète</strong> depuis la version 3.0.0, aucune alternative n’est disponible. Veuillez inclure un modèle de header.php à votre thème. in /var/www/html/wp-includes/functions.php on line 6121
[12-Jun-2025 12:45:16 UTC] PHP Deprecated:  Le fichier Thème sans footer.php est <strong>obsolète</strong> depuis la version 3.0.0, aucune alternative n’est disponible. Veuillez inclure un modèle de footer.php à votre thème. in /var/www/html/wp-includes/functions.php on line 6121
[12-Jun-2025 12:46:42 UTC] PHP Warning:  Attempt to read property "title" on null in /var/www/html/wp-includes/class-wp-customize-widgets.php on line 926
[12-Jun-2025 12:46:48 UTC] PHP Deprecated:  Le fichier Thème sans header.php est <strong>obsolète</strong> depuis la version 3.0.0, aucune alternative n’est disponible. Veuillez inclure un modèle de header.php à votre thème. in /var/www/html/wp-includes/functions.php on line 6121
[12-Jun-2025 12:46:48 UTC] PHP Deprecated:  Le fichier Thème sans footer.php est <strong>obsolète</strong> depuis la version 3.0.0, aucune alternative n’est disponible. Veuillez inclure un modèle de footer.php à votre thème. in /var/www/html/wp-includes/functions.php on line 6121
[12-Jun-2025 12:47:17 UTC] PHP Warning:  Attempt to read property "title" on null in /var/www/html/wp-includes/class-wp-customize-widgets.php on line 926
[12-Jun-2025 12:48:52 UTC] PHP Warning:  Attempt to read property "title" on null in /var/www/html/wp-includes/class-wp-customize-widgets.php on line 926
[15-Jun-2025 12:48:53 UTC] PHP Warning:  Attempt to read property "title" on null in /var/www/html/wp-includes/class-wp-customize-widgets.php on line 926
[21-Jun-2025 07:30:26 UTC] PHP Warning:  Attempt to read property "title" on null in /var/www/html/wp-includes/class-wp-customize-widgets.php on line 926
[21-Jun-2025 07:31:36 UTC] PHP Warning:  Attempt to read property "title" on null in /var/www/html/wp-includes/class-wp-customize-widgets.php on line 926
[21-Jun-2025 07:32:16 UTC] PHP Warning:  Attempt to read property "title" on null in /var/www/html/wp-includes/class-wp-customize-widgets.php on line 926
[21-Jun-2025 07:36:17 UTC] PHP Warning:  Attempt to read property "title" on null in /var/www/html/wp-includes/class-wp-customize-widgets.php on line 926
[21-Jun-2025 07:38:49 UTC] PHP Warning:  Attempt to read property "title" on null in /var/www/html/wp-includes/class-wp-customize-widgets.php on line 926
[21-Jun-2025 07:53:13 UTC] PHP Warning:  Attempt to read property "title" on null in /var/www/html/wp-includes/class-wp-customize-widgets.php on line 926
[21-Jun-2025 07:54:28 UTC] PHP Warning:  Attempt to read property "title" on null in /var/www/html/wp-includes/class-wp-customize-widgets.php on line 926
[21-Jun-2025 07:55:08 UTC] PHP Warning:  Attempt to read property "title" on null in /var/www/html/wp-includes/class-wp-customize-widgets.php on line 926
[21-Jun-2025 07:55:11 UTC] PHP Warning:  Attempt to read property "title" on null in /var/www/html/wp-includes/class-wp-customize-widgets.php on line 926
[21-Jun-2025 07:58:26 UTC] PHP Warning:  Attempt to read property "title" on null in /var/www/html/wp-includes/class-wp-customize-widgets.php on line 926
[21-Jun-2025 07:58:36 UTC] PHP Warning:  Attempt to read property "title" on null in /var/www/html/wp-includes/class-wp-customize-widgets.php on line 926
[21-Jun-2025 07:59:07 UTC] PHP Warning:  Attempt to read property "title" on null in /var/www/html/wp-includes/class-wp-customize-widgets.php on line 926
[21-Jun-2025 08:03:36 UTC] PHP Warning:  Attempt to read property "title" on null in /var/www/html/wp-includes/class-wp-customize-widgets.php on line 926
[21-Jun-2025 08:03:56 UTC] PHP Warning:  Attempt to read property "title" on null in /var/www/html/wp-includes/class-wp-customize-widgets.php on line 926
[21-Jun-2025 08:05:00 UTC] PHP Warning:  Attempt to read property "title" on null in /var/www/html/wp-includes/class-wp-customize-widgets.php on line 926
[21-Jun-2025 08:07:54 UTC] PHP Warning:  Attempt to read property "title" on null in /var/www/html/wp-includes/class-wp-customize-widgets.php on line 926
[21-Jun-2025 08:08:38 UTC] PHP Warning:  Attempt to read property "title" on null in /var/www/html/wp-includes/class-wp-customize-widgets.php on line 926
[21-Jun-2025 08:08:59 UTC] PHP Warning:  Attempt to read property "title" on null in /var/www/html/wp-includes/class-wp-customize-widgets.php on line 926
[21-Jun-2025 08:25:18 UTC] PHP Warning:  Attempt to read property "title" on null in /var/www/html/wp-includes/class-wp-customize-widgets.php on line 926
[21-Jun-2025 08:25:41 UTC] PHP Warning:  Attempt to read property "title" on null in /var/www/html/wp-includes/class-wp-customize-widgets.php on line 926
[21-Jun-2025 08:33:51 UTC] PHP Warning:  Attempt to read property "title" on null in /var/www/html/wp-includes/class-wp-customize-widgets.php on line 926
[21-Jun-2025 08:34:48 UTC] PHP Warning:  Attempt to read property "title" on null in /var/www/html/wp-includes/class-wp-customize-widgets.php on line 926
[21-Jun-2025 08:40:09 UTC] PHP Warning:  Attempt to read property "title" on null in /var/www/html/wp-includes/class-wp-customize-widgets.php on line 926
[21-Jun-2025 08:44:29 UTC] PHP Warning:  Attempt to read property "title" on null in /var/www/html/wp-includes/class-wp-customize-widgets.php on line 926
[21-Jun-2025 08:47:27 UTC] PHP Warning:  Attempt to read property "title" on null in /var/www/html/wp-includes/class-wp-customize-widgets.php on line 926
[21-Jun-2025 08:49:09 UTC] PHP Warning:  Attempt to read property "title" on null in /var/www/html/wp-includes/class-wp-customize-widgets.php on line 926
[21-Jun-2025 08:50:15 UTC] PHP Warning:  Attempt to read property "title" on null in /var/www/html/wp-includes/class-wp-customize-widgets.php on line 926
[21-Jun-2025 08:50:51 UTC] PHP Warning:  Attempt to read property "title" on null in /var/www/html/wp-includes/class-wp-customize-widgets.php on line 926
[21-Jun-2025 08:51:17 UTC] PHP Warning:  Attempt to read property "title" on null in /var/www/html/wp-includes/class-wp-customize-widgets.php on line 926
[21-Jun-2025 08:56:39 UTC] PHP Warning:  Attempt to read property "title" on null in /var/www/html/wp-includes/class-wp-customize-widgets.php on line 926
[21-Jun-2025 08:58:11 UTC] PHP Warning:  Attempt to read property "title" on null in /var/www/html/wp-includes/class-wp-customize-widgets.php on line 926
[21-Jun-2025 08:59:21 UTC] PHP Warning:  Attempt to read property "title" on null in /var/www/html/wp-includes/class-wp-customize-widgets.php on line 926
